<?xml version="1.0" encoding="UTF-8"?>
<testsuite name="MazeRunnerTest" tests="1" skipped="0" failures="0" errors="0" timestamp="2020-08-20T17:23:00" hostname="DESKTOP-RLTM6OB" time="0.094">
  <properties/>
  <testcase name="start" classname="MazeRunnerTest" time="0.094"/>
  <system-out><![CDATA[?[1;31m
Start test 1?[0m
████████████████████
      ██          ██
██    ██    ██      
██    ██    ██    ██
██    ██    ██    ██
██    ██    ██    ██
██    ████  ██    ██
██      ██  ██    ██
██          ██    ██
████████████████████
]]></system-out>
  <system-err><![CDATA[]]></system-err>
</testsuite>
