<?xml version="1.0" encoding="UTF-8"?>
<testsuite name="MazeRunnerTest" tests="1" skipped="0" failures="0" errors="0" timestamp="2020-08-25T20:30:02" hostname="DESKTOP-HE0B0I9" time="2.303">
  <properties/>
  <testcase name="start" classname="MazeRunnerTest" time="2.303"/>
  <system-out><![CDATA[?[1;31m
Start test 1?[0m
> 7 9
██████████████████
                ██
██████████████  ██
██  ██          ██
██  ██  ██████████
██              ██
████████████  ████
?[1;31m
Start test 2?[0m
> 15 35
██████████████████████████████████████████████████████████████████████
    ██                  ██                  ██          ██          ██
██  ██  ██████████  ██  ██  ██████████████  ██████  ██████  ██  ██  ██
██  ██      ██      ██      ██          ██      ██          ██  ██  ██
██  ██████  ██  ██████████████████████  ██████  ██████████  ██  ██  ██
██      ██  ██      ██                      ██          ██  ██  ██  ██
██████  ██████████  ██  ██  ██████████████  ██████████  ██  ██  ██████
██  ██          ██  ██  ██      ██                  ██  ██  ██      ██
██  ██████████  ██  ██  ██████  ██████  ██████████████  ██  ██████  ██
██          ██      ██  ██  ██      ██  ██              ██  ██      ██
██  ██  ██████████████  ██  ██████  ██  ██  ██████████████  ██  ██████
██                  ██      ██  ██  ██  ██  ██          ██  ██      ██
██  ██████████████  ██████  ██  ██  ██████  ██████  ██  ██████████  ██
██              ██              ██                  ██              ██
████████████████████████████████████████████████████████████████  ████
?[1;31m
Start test 3?[0m
> 15 35
██████████████████████████████████████████████████████████████████████
                    ██      ██                                      ██
██████████████████  ██  ██████  ██████████████  ██████████████████  ██
██          ██      ██          ██              ██  ██      ██      ██
██  ██  ██████  ██████████████  ██  ██████████████  ██  ██  ██  ██████
██  ██          ██          ██  ██  ██                  ██  ██      ██
██  ██████████████  ██████  ██████  ██  ██████████████████  ██████  ██
██  ██      ██      ██  ██          ██  ██      ██              ██  ██
██  ██  ██████  ██  ██  ██████████████  ██  ██  ██  ██████████████  ██
██  ██          ██  ██              ██      ██  ██      ██          ██
██  ██████████████  ██  ██  ██████████████████  ██████  ██  ██████████
██  ██              ██  ██  ██              ██      ██  ██  ██      ██
██  ██  ██████████████  ██████  ██████  ██████████  ██  ██  ██████  ██
██      ██                          ██              ██              ██
████████████████████████████████████████████████████████████████  ████
?[1;31m
Start test 4?[0m
> 15 35
██████████████████████████████████████████████████████████████████████
    ██      ██                              ██                      ██
██  ██  ██  ██  ██████████████████████████  ██  ██████████████████  ██
██      ██      ██      ██              ██  ██  ██              ██  ██
██████████████████  ██████  ██████  ██████  ██████  ██████████  ██  ██
██      ██  ██              ██  ██          ██      ██      ██      ██
██  ██  ██  ██  ██████████████  ██████████████  ██████  ██  ██████  ██
██  ██      ██          ██      ██          ██      ██  ██      ██  ██
██  ██████████████████  ██  ██  ██████  ██  ██  ██  ██  ██  ██  ██  ██
██                  ██      ██      ██  ██      ██  ██  ██          ██
██  ██████████████  ██████████████  ██████████████  ██████  ██████████
██      ██      ██                  ██          ██      ██          ██
██████  ██████  ██████████████████████  ██████  ██████  ██████████  ██
██                                      ██              ██          ██
████████████████████████████████████████████████████████████████  ████
?[1;31m
Start test 5?[0m
> 15 35
██████████████████████████████████████████████████████████████████████
        ██              ██                                      ██  ██
██████  ██  ██████████  ██  ██████████████████████████████  ██  ██  ██
██  ██  ██          ██      ██              ██              ██  ██  ██
██  ██  ██████████  ██████████  ██████████  ██  ██████████████  ██  ██
██      ██      ██      ██      ██      ██      ██  ██      ██      ██
██  ██████  ██  ██████  ██  ██████████  ██████████  ██  ██  ██████  ██
██      ██  ██          ██          ██                  ██      ██  ██
██████  ██  ██████████████  ██████  ██  ██████████████████████  ██  ██
██  ██  ██  ██          ██  ██      ██      ██          ██      ██  ██
██  ██  ██████  ██████  ██████  ██████████  ██  ██  ██████  ██████  ██
██  ██  ██      ██  ██          ██      ██  ██  ██  ██      ██      ██
██  ██  ██  ██████  ██████████████  ██  ██  ██████  ██  ██████  ██████
██          ██                      ██              ██              ██
████████████████████████████████████████████████████████████████  ████
?[1;31m
Start test 6?[0m
> 15 35
██████████████████████████████████████████████████████████████████████
    ██          ██          ██      ██                      ██      ██
██  ██████  ██████  ██  ██████  ██  ██  ██████████  ██████  ██  ██  ██
██      ██          ██  ██      ██      ██      ██  ██  ██  ██  ██  ██
██████  ██████████████  ██  ██████████████  ██  ██  ██  ██  ██████  ██
██  ██  ██          ██          ██          ██      ██      ██      ██
██  ██  ██  ██████  ██████████  ██  ██████████████████  ██████  ██████
██  ██      ██  ██      ██      ██              ██          ██      ██
██  ██████████  ██████  ██████████  ██████████  ██████████  ██  ██  ██
██                  ██  ██      ██      ██      ██      ██  ██  ██  ██
██  ██████████████████  ██  ██  ██████████  ██████  ██  ██  ██████  ██
██                      ██  ██  ██      ██          ██  ██      ██  ██
██  ██████████████████████  ██  ██  ██  ██████████████  ██████  ██  ██
██                          ██      ██                  ██          ██
████████████████████████████████████████████████████████████████  ████
?[1;31m
Start test 7?[0m
> 15 35
██████████████████████████████████████████████████████████████████████
        ██                              ██                          ██
██████  ██  ██████████████████████████  ██████████  ██████  ██████  ██
██  ██  ██  ██              ██      ██  ██      ██      ██      ██  ██
██  ██  ██  ██  ██████████████  ██  ██  ██  ██  ██████████  ██  ██████
██  ██      ██                  ██  ██      ██          ██  ██      ██
██  ██████████  ██████████████████  ██████████████████  ██████████  ██
██          ██      ██          ██              ██  ██              ██
██  ██  ██████████  ██  ██  ██  ██  ██████████  ██  ██████████████  ██
██              ██  ██  ██  ██  ██      ██                  ██      ██
██  ██████████  ██  ██████  ██████████  ██  ██████████████████  ██████
██      ██  ██  ██      ██          ██  ██      ██              ██  ██
██████  ██  ██  ██████  ██████  ██  ██  ██████████  ██████████████  ██
██          ██                  ██  ██                              ██
████████████████████████████████████████████████████████████████  ████
?[1;31m
Start test 8?[0m
> 15 35
██████████████████████████████████████████████████████████████████████
    ██                  ██                      ██                  ██
██  ██████████  ██████  ██████████  ██████████  ██████████████  ██████
██              ██  ██              ██  ██      ██          ██      ██
██████████████████  ██████████████████  ██  ██████  ██████  ██████  ██
██  ██              ██                  ██  ██      ██      ██      ██
██  ██  ██  ██████  ██  ██████████████  ██  ██  ██████  ██████  ██████
██      ██      ██  ██      ██      ██  ██      ██  ██      ██      ██
██  ██████████  ██  ██████████  ██  ██  ██████████  ██████  ██████  ██
██  ██          ██              ██      ██  ██          ██      ██  ██
██  ██  ██████  ██████████████████████  ██  ██  ██████  ██████  ██  ██
██  ██      ██  ██          ██      ██      ██      ██      ██  ██  ██
██  ██████  ██████  ██████  ██  ██  ██████████████  ██████  ██  ██  ██
██      ██              ██      ██                      ██          ██
████████████████████████████████████████████████████████████████  ████
?[1;31m
Start test 9?[0m
> 15 35
██████████████████████████████████████████████████████████████████████
        ██                              ██                      ██  ██
██████  ██████  ██████████████████████  ██  ██  ██████████████  ██  ██
██  ██      ██  ██              ██      ██  ██  ██          ██  ██  ██
██  ██████  ██  ██  ██  ██████  ██  ██████  ██  ██████  ██  ██  ██  ██
██      ██  ██  ██  ██  ██      ██      ██  ██      ██  ██  ██      ██
██  ██  ██  ██  ██████  ██  ██████████  ██  ██████  ██████  ██████  ██
██  ██  ██  ██      ██  ██          ██  ██      ██      ██  ██      ██
██  ██  ██  ██████  ██  ██████████  ██  ██████████████  ██  ██  ██████
██  ██  ██          ██  ██      ██  ██  ██              ██      ██  ██
██████  ██████████████  ██  ██  ██████  ██  ██████████████  ██████  ██
██      ██              ██  ██      ██      ██          ██      ██  ██
██  ██████  ██████████  ██  ██████  ██████████  ██████  ██████  ██  ██
██                  ██          ██                  ██              ██
████████████████████████████████████████████████████████████████  ████
?[1;31m
Start test 10?[0m
> 34 23
██████████████████████████████████████████████
        ██              ██              ██  ██
██████  ██  ██████████  ██  ██  ██████  ██  ██
██      ██  ██      ██      ██      ██      ██
██  ██████  ██  ██  ██████████████  ██████  ██
██  ██          ██      ██          ██      ██
██  ██████████████████████  ██████████  ██████
██      ██      ██      ██  ██      ██      ██
██████  ██  ██  ██  ██  ██  ██  ██  ██████  ██
██  ██      ██  ██  ██      ██  ██      ██  ██
██  ██████████  ██  ██  ██████████  ██  ██  ██
██          ██  ██  ██  ██      ██  ██  ██  ██
██  ██████  ██  ██  ██████  ██  ██████  ██  ██
██  ██      ██  ██          ██      ██      ██
██  ██  ██████  ██  ██████████████  ██████████
██  ██  ██      ██              ██          ██
██  ██  ██  ██████████████████  ██████████  ██
██  ██      ██          ██      ██          ██
██  ██████████  ██  ██  ██████████  ██████  ██
██  ██          ██  ██          ██  ██      ██
██  ██████  ██████  ██████████  ██  ██  ██████
██      ██      ██          ██      ██  ██  ██
██████  ██████  ██████████  ██████████  ██  ██
██      ██  ██  ██      ██  ██      ██  ██  ██
██  ██████  ██  ██████  ██  ██  ██  ██  ██  ██
██      ██  ██      ██  ██  ██  ██          ██
██████  ██  ██████  ██  ██  ██████████████████
██  ██  ██              ██                  ██
██  ██  ██  ██████████  ██████████  ██████  ██
██  ██  ██  ██      ██  ██      ██  ██      ██
██  ██  ██████  ██  ██████  ██  ██████  ██  ██
██              ██          ██          ██  ██
██████████████████████████████████████  ██████
██████████████████████████████████████  ██████
?[1;31m
Start test 11?[0m
> 34 23
██████████████████████████████████████████████
    ██              ██          ██          ██
██  ██  ██████████  ██  ██  ██  ██████  ██  ██
██      ██          ██  ██  ██          ██  ██
██████████  ██████████  ██  ██████████████  ██
██      ██  ██  ██      ██      ██  ██      ██
██  ██  ██  ██  ██  ██████████  ██  ██  ██████
██  ██      ██              ██  ██  ██      ██
██  ██████████  ██████████████  ██  ██████  ██
██          ██  ██              ██  ██      ██
██████████  ██  ██  ██████████████  ██  ██████
██          ██  ██  ██                      ██
██  ██████████████  ██  ██████████████████  ██
██          ██      ██  ██  ██          ██  ██
██████████  ██  ██████  ██  ██  ██████  ██████
██  ██      ██      ██  ██  ██      ██      ██
██  ██  ██████████  ██  ██  ██████  ██████  ██
██      ██      ██  ██          ██      ██  ██
██  ██████  ██  ██  ██████████████  ██████  ██
██          ██  ██                  ██      ██
██████████████  ██████  ██████████████  ██  ██
██      ██  ██      ██          ██      ██  ██
██  ██  ██  ██████  ██████████  ██  ██████  ██
██  ██      ██      ██      ██  ██  ██  ██  ██
██  ██  ██████  ██████████  ██  ██  ██  ██  ██
██  ██  ██      ██          ██  ██  ██      ██
██  ██████  ██████████  ██████  ██  ██  ██████
██      ██          ██          ██  ██      ██
██████  ██████████  ██████  ██████  ██████  ██
██              ██      ██  ██      ██  ██  ██
██  ██████████████████  ██████  ██████  ██  ██
██                              ██          ██
████████████████████████████████████████  ████
████████████████████████████████████████  ████
?[1;31m
Start test 12?[0m
> 34 23
██████████████████████████████████████████████
    ██      ██          ██              ██  ██
██  ██  ██  ██  ██  ██  ██████  ██████  ██  ██
██  ██  ██      ██  ██          ██      ██  ██
██  ██████  ██████  ██████████████  ██████  ██
██      ██      ██  ██          ██      ██  ██
██████  ██████████  ██  ██████  ██████  ██  ██
██  ██              ██  ██  ██      ██      ██
██  ██████████████████  ██  ██  ██████████  ██
██          ██      ██  ██  ██          ██  ██
██  ██████  ██  ██  ██  ██  ██████  ██  ██  ██
██  ██          ██  ██          ██  ██  ██  ██
██  ██████████████████████████  ██  ██  ██  ██
██          ██              ██  ██  ██  ██  ██
██  ██████  ██  ██  ██████  ██  ██  ██████  ██
██      ██      ██  ██      ██  ██          ██
██████████████████  ██████████  ██████████████
██              ██  ██          ██          ██
██  ██████████  ██  ██  ██████████  ██████████
██  ██      ██      ██      ██              ██
██  ██  ██  ██  ██████████  ██  ██████████  ██
██  ██  ██  ██  ██          ██      ██      ██
██  ██  ██  ██████  ██████████████████  ██  ██
██      ██      ██                  ██  ██  ██
██  ██████████  ██████████████████  ██  ██  ██
██  ██      ██                  ██      ██  ██
██  ██  ██  ██████████  ██████████████████  ██
██      ██  ██      ██  ██                  ██
██████████  ██  ██████  ██  ██████████████████
██          ██      ██  ██              ██  ██
██  ██████████████  ██  ██████████████  ██  ██
██                  ██                      ██
████████████████████████████████████████  ████
████████████████████████████████████████  ████
?[1;31m
Start test 13?[0m
> 34 23
██████████████████████████████████████████████
    ██              ██                      ██
██  ██████████  ██████  ██████████████████  ██
██          ██              ██      ██      ██
██████████  ██████████████  ██  ██  ██  ██████
██      ██              ██  ██  ██  ██      ██
██  ██  ██████████████  ██  ██  ██  ██████  ██
██  ██          ██      ██  ██  ██          ██
██  ██████████████  ██████████  ██████████████
██                  ██      ██              ██
██  ██████████████████  ██  ██████  ██████  ██
██  ██              ██  ██      ██      ██  ██
██  ██████  ██████  ██  ██████  ██████  ██  ██
██  ██      ██      ██      ██      ██  ██  ██
██  ██  ██████  ██████  ██  ██████  ██  ██  ██
██      ██  ██      ██  ██      ██  ██  ██  ██
██████████  ██████  ██████████  ██  ██████  ██
██          ██  ██          ██  ██          ██
██  ██████  ██  ██████████  ██  ██████████  ██
██      ██              ██      ██          ██
██  ██████████████  ██  ██████████  ██████████
██  ██      ██      ██          ██  ██      ██
██████  ██  ██████████████████  ██  ██████  ██
██      ██                      ██      ██  ██
██  ██████████████████  ██████████████  ██  ██
██  ██      ██      ██  ██          ██  ██  ██
██  ██  ██  ██  ██████  ██  ██████  ██  ██  ██
██      ██  ██          ██  ██  ██      ██  ██
██  ██████  ██████████  ██  ██  ██████████  ██
██  ██      ██      ██  ██          ██      ██
██  ██  ██████  ██  ██████████████  ██  ██  ██
██  ██          ██                      ██  ██
██████████████████████████████████████  ██████
██████████████████████████████████████  ██████
?[1;31m
Start test 14?[0m
> 34 23
██████████████████████████████████████████████
    ██          ██          ██      ██      ██
██  ██  ██████  ██  ██████████  ██  ██  ██  ██
██      ██  ██  ██  ██          ██  ██  ██  ██
██████████  ██  ██  ██  ██████████  ██  ██  ██
██      ██      ██      ██      ██      ██  ██
██  ██████  ██████  ██████  ██  ██████████  ██
██          ██  ██      ██  ██  ██          ██
██  ██████████  ██████  ██  ██  ██  ██████  ██
██  ██      ██          ██  ██      ██      ██
██  ██  ██  ██████████  ██  ██████████████████
██  ██  ██          ██  ██                  ██
██  ██  ██████████  ██  ██████████████████  ██
██      ██          ██      ██              ██
██████████  ██████████████  ██  ██████████  ██
██      ██              ██  ██      ██  ██  ██
██████  ██████████████  ██████████  ██  ██  ██
██                  ██  ██          ██      ██
██  ██████████████████  ██  ██████████  ██████
██  ██                  ██      ██  ██  ██  ██
██  ██  ██████████████████  ██  ██  ██  ██  ██
██  ██              ██      ██  ██  ██      ██
██  ██████████████  ██████  ██  ██  ██████  ██
██              ██      ██  ██  ██      ██  ██
██  ██████████  ██████  ██████  ██████  ██  ██
██  ██              ██          ██      ██  ██
██  ██  ██████████████████████████  ██████  ██
██  ██  ██      ██      ██          ██      ██
██  ██████  ██  ██  ██  ██  ██  ██████  ██████
██  ██      ██      ██      ██          ██  ██
██  ██  ██████████████████████████████████  ██
██                                          ██
████████████████████████████████████████  ████
████████████████████████████████████████  ████
?[1;31m
Start test 15?[0m
> 34 23
██████████████████████████████████████████████
            ██      ██      ██      ██      ██
██████████  ██  ██  ██  ██  ██  ██  ██████  ██
██  ██      ██  ██      ██      ██          ██
██  ██  ██████  ██████████████████████████  ██
██  ██  ██      ██              ██      ██  ██
██  ██  ██  ██  ██  ██████████  ██  ██████  ██
██  ██  ██  ██              ██  ██  ██      ██
██  ██  ██████████████████  ██  ██  ██  ██████
██  ██          ██      ██  ██  ██          ██
██  ██████████  ██  ██████  ██  ██████████  ██
██  ██          ██  ██      ██          ██  ██
██  ██  ██████████  ██  ██████████████  ██  ██
██  ██      ██          ██          ██  ██  ██
██  ██████  ██████████  ██████  ██████  ██  ██
██      ██      ██      ██      ██      ██  ██
██████  ██████  ██  ██  ██  ██  ██  ██████  ██
██          ██  ██          ██  ██  ██      ██
██  ██████  ██  ██  ██████████  ██  ██  ██████
██  ██      ██  ██  ██      ██  ██  ██  ██  ██
██  ██  ██████  ██  ██  ██  ██████  ██  ██  ██
██  ██  ██      ██  ██  ██      ██  ██      ██
██  ██████  ██████████  ██████  ██  ██████  ██
██          ██      ██  ██  ██      ██      ██
██  ██████████  ██  ██  ██  ██████████  ██████
██  ██          ██  ██  ██          ██      ██
██  ██  ██████  ██  ██  ██  ██████████████  ██
██  ██  ██  ██  ██      ██          ██      ██
██  ██  ██  ██  ██████████  ██████  ██  ██████
██  ██      ██      ██  ██      ██      ██  ██
██  ██████████████  ██  ██████  ██████████  ██
██                  ██                      ██
████████████████████████████████████████  ████
████████████████████████████████████████  ████
?[1;31m
Start test 16?[0m
> 34 23
██████████████████████████████████████████████
                ██          ██          ██  ██
██████████████  ██████  ██  ██  ██████  ██  ██
██  ██          ██      ██      ██  ██      ██
██  ██  ██████████  ██████████████  ██████  ██
██  ██  ██      ██          ██              ██
██  ██  ██  ██  ██  ██████  ██████████  ██████
██      ██  ██  ██      ██          ██      ██
██  ██████  ██  ██████  ██████████  ██████  ██
██  ██      ██      ██          ██      ██  ██
██  ██████  ██  ██████████████  ██████  ██████
██      ██  ██                      ██      ██
██████  ██████████  ██  ██████████████████  ██
██  ██          ██      ██              ██  ██
██  ██████████  ██  ██████  ██████████  ██  ██
██  ██          ██  ██      ██          ██  ██
██  ██  ██████████████  ██████  ██████████  ██
██  ██  ██              ██      ██          ██
██  ██  ██████  ██  ██████  ██████████████  ██
██  ██      ██  ██      ██              ██  ██
██  ██████  ██████████  ██████████████  ██  ██
██      ██          ██      ██      ██      ██
██  ██████████████  ██  ██  ██████  ██████  ██
██      ██          ██  ██      ██          ██
██████  ██  ██████████████████  ██  ██████████
██      ██      ██              ██          ██
██  ██  ██████  ██  ██████████████████████  ██
██  ██      ██      ██      ██              ██
██  ██████████████████  ██████  ██████████████
██  ██          ██          ██      ██      ██
██  ██  ██████  ██  ██████  ██████  ██  ██  ██
██          ██          ██              ██  ██
██████████████████████████████████████  ██████
██████████████████████████████████████  ██████
?[1;31m
Start test 17?[0m
> 34 23
██████████████████████████████████████████████
            ██                  ██          ██
██████████  ██████████  ██████████  ██████  ██
██      ██          ██                  ██  ██
██  ██  ██████████  ██████████████████████  ██
██  ██      ██  ██  ██                      ██
██  ██████  ██  ██  ██  ██████████████████  ██
██  ██  ██      ██      ██              ██  ██
██  ██  ██████  ██████████  ██████  ██████  ██
██  ██          ██      ██      ██  ██      ██
██  ██  ██████████  ██  ██████  ██  ██  ██████
██  ██              ██          ██  ██  ██  ██
██  ██  ██████████████████████  ██████  ██  ██
██  ██  ██                  ██  ██      ██  ██
██  ██████  ██████████████  ██  ██  ██████  ██
██          ██      ██      ██  ██      ██  ██
██  ██████████████  ██  ██████  ██████  ██  ██
██  ██          ██  ██  ██          ██      ██
██  ██████  ██  ██  ██  ██████████████████  ██
██  ██      ██      ██      ██          ██  ██
██  ██  ██████████  ██████  ██  ██████  ██  ██
██      ██      ██      ██  ██      ██  ██  ██
██████████  ██████████  ██  ██████  ██  ██  ██
██      ██      ██      ██      ██  ██      ██
██  ██  ██  ██  ██  ██████  ██  ██  ██████████
██  ██      ██      ██      ██  ██      ██  ██
██  ██████████████████  ██████████████  ██  ██
██  ██              ██              ██  ██  ██
██  ██  ██████████  ██████████████  ██  ██  ██
██      ██      ██              ██      ██  ██
██████████  ██  ██████████████  ██████████  ██
██          ██                              ██
████████████████████████████████████████  ████
████████████████████████████████████████  ████
]]></system-out>
  <system-err><![CDATA[]]></system-err>
</testsuite>
